2016-02-14 13:09:04 - PHP Notice:  Error: Table 's.speedyparts.hk.oc_cart' doesn't exist<br />Error No: 1146<br />DELETE FROM oc_cart WHERE customer_id = '0' AND date_added < DATE_SUB(NOW(), INTERVAL 1 HOUR) in /var/www/s.speedyparts.hk/speedyparts/system/library/db/mysqli.php on line 41
2016-02-14 13:09:04 - PHP Notice:  Error: Table 's.speedyparts.hk.oc_cart' doesn't exist<br />Error No: 1146<br />SELECT * FROM oc_cart WHERE customer_id = '0' AND session_id = 'o66qqoo2f70hc8df2sbbtj5ec1' in /var/www/s.speedyparts.hk/speedyparts/system/library/db/mysqli.php on line 41
2016-02-14 13:09:04 - PHP Notice:  Trying to get property of non-object in /var/www/s.speedyparts.hk/speedyparts/system/library/cart.php on line 37
2016-02-14 13:09:04 - PHP Warning:  Invalid argument supplied for foreach() in /var/www/s.speedyparts.hk/speedyparts/system/library/cart.php on line 37
2016-02-14 13:09:04 - PHP Notice:  Error: Table 's.speedyparts.hk.oc_cart' doesn't exist<br />Error No: 1146<br />SELECT * FROM oc_cart WHERE customer_id = '0' AND session_id = 'o66qqoo2f70hc8df2sbbtj5ec1' in /var/www/s.speedyparts.hk/speedyparts/system/library/db/mysqli.php on line 41
2016-02-14 13:09:04 - PHP Notice:  Trying to get property of non-object in /var/www/s.speedyparts.hk/speedyparts/system/library/cart.php on line 37
2016-02-14 13:09:04 - PHP Warning:  Invalid argument supplied for foreach() in /var/www/s.speedyparts.hk/speedyparts/system/library/cart.php on line 37
2016-02-14 13:09:04 - PHP Notice:  Error: Table 's.speedyparts.hk.oc_cart' doesn't exist<br />Error No: 1146<br />SELECT * FROM oc_cart WHERE customer_id = '0' AND session_id = 'o66qqoo2f70hc8df2sbbtj5ec1' in /var/www/s.speedyparts.hk/speedyparts/system/library/db/mysqli.php on line 41
2016-02-14 13:09:04 - PHP Notice:  Trying to get property of non-object in /var/www/s.speedyparts.hk/speedyparts/system/library/cart.php on line 37
2016-02-14 13:09:04 - PHP Warning:  Invalid argument supplied for foreach() in /var/www/s.speedyparts.hk/speedyparts/system/library/cart.php on line 37
2016-02-14 13:09:04 - PHP Notice:  Error: Table 's.speedyparts.hk.oc_cart' doesn't exist<br />Error No: 1146<br />SELECT * FROM oc_cart WHERE customer_id = '0' AND session_id = 'o66qqoo2f70hc8df2sbbtj5ec1' in /var/www/s.speedyparts.hk/speedyparts/system/library/db/mysqli.php on line 41
2016-02-14 13:09:04 - PHP Notice:  Trying to get property of non-object in /var/www/s.speedyparts.hk/speedyparts/system/library/cart.php on line 37
2016-02-14 13:09:04 - PHP Warning:  Invalid argument supplied for foreach() in /var/www/s.speedyparts.hk/speedyparts/system/library/cart.php on line 37
2016-02-14 13:09:04 - PHP Notice:  Error: Table 's.speedyparts.hk.oc_cart' doesn't exist<br />Error No: 1146<br />SELECT * FROM oc_cart WHERE customer_id = '0' AND session_id = 'o66qqoo2f70hc8df2sbbtj5ec1' in /var/www/s.speedyparts.hk/speedyparts/system/library/db/mysqli.php on line 41
2016-02-14 13:09:04 - PHP Notice:  Trying to get property of non-object in /var/www/s.speedyparts.hk/speedyparts/system/library/cart.php on line 37
2016-02-14 13:09:04 - PHP Warning:  Invalid argument supplied for foreach() in /var/www/s.speedyparts.hk/speedyparts/system/library/cart.php on line 37
2016-02-14 13:09:16 - PHP Warning:  implode(): Invalid arguments passed in /var/www/s.speedyparts.hk/speedyparts/admin/controller/common/header.php on line 58
2016-02-14 13:09:16 - PHP Warning:  implode(): Invalid arguments passed in /var/www/s.speedyparts.hk/speedyparts/admin/controller/common/header.php on line 59
2016-02-14 13:09:16 - PHP Warning:  implode(): Invalid arguments passed in /var/www/s.speedyparts.hk/speedyparts/admin/controller/common/header.php on line 62
2016-02-14 13:09:16 - PHP Warning:  implode(): Invalid arguments passed in /var/www/s.speedyparts.hk/speedyparts/admin/controller/common/header.php on line 63
2016-02-14 13:09:16 - PHP Warning:  implode(): Invalid arguments passed in /var/www/s.speedyparts.hk/speedyparts/admin/controller/common/stats.php on line 14
2016-02-14 13:09:16 - PHP Warning:  implode(): Invalid arguments passed in /var/www/s.speedyparts.hk/speedyparts/admin/controller/common/stats.php on line 22
2016-02-14 13:09:16 - PHP Warning:  array_merge(): Argument #1 is not an array in /var/www/s.speedyparts.hk/speedyparts/admin/controller/common/stats.php on line 37
2016-02-14 13:09:16 - PHP Warning:  in_array() expects parameter 2 to be array, null given in /var/www/s.speedyparts.hk/speedyparts/admin/controller/common/stats.php on line 37
2016-02-14 13:09:16 - PHP Warning:  array_merge(): Argument #1 is not an array in /var/www/s.speedyparts.hk/speedyparts/admin/controller/common/stats.php on line 37
2016-02-14 13:09:16 - PHP Warning:  in_array() expects parameter 2 to be array, null given in /var/www/s.speedyparts.hk/speedyparts/admin/controller/common/stats.php on line 37
2016-02-14 13:09:16 - PHP Warning:  array_merge(): Argument #1 is not an array in /var/www/s.speedyparts.hk/speedyparts/admin/controller/common/stats.php on line 37
2016-02-14 13:09:16 - PHP Warning:  in_array() expects parameter 2 to be array, null given in /var/www/s.speedyparts.hk/speedyparts/admin/controller/common/stats.php on line 37
2016-02-14 13:09:16 - PHP Warning:  array_merge(): Argument #1 is not an array in /var/www/s.speedyparts.hk/speedyparts/admin/controller/common/stats.php on line 37
2016-02-14 13:09:16 - PHP Warning:  in_array() expects parameter 2 to be array, null given in /var/www/s.speedyparts.hk/speedyparts/admin/controller/common/stats.php on line 37
2016-02-14 13:09:16 - PHP Warning:  array_merge(): Argument #1 is not an array in /var/www/s.speedyparts.hk/speedyparts/admin/controller/common/stats.php on line 37
2016-02-14 13:09:16 - PHP Warning:  in_array() expects parameter 2 to be array, null given in /var/www/s.speedyparts.hk/speedyparts/admin/controller/common/stats.php on line 37
2016-02-14 13:09:16 - PHP Warning:  array_merge(): Argument #1 is not an array in /var/www/s.speedyparts.hk/speedyparts/admin/controller/common/stats.php on line 37
2016-02-14 13:09:16 - PHP Warning:  in_array() expects parameter 2 to be array, null given in /var/www/s.speedyparts.hk/speedyparts/admin/controller/common/stats.php on line 37
2016-02-14 13:09:16 - PHP Warning:  array_merge(): Argument #1 is not an array in /var/www/s.speedyparts.hk/speedyparts/admin/controller/common/stats.php on line 37
2016-02-14 13:09:16 - PHP Warning:  in_array() expects parameter 2 to be array, null given in /var/www/s.speedyparts.hk/speedyparts/admin/controller/common/stats.php on line 37
2016-02-14 13:09:16 - PHP Warning:  array_merge(): Argument #1 is not an array in /var/www/s.speedyparts.hk/speedyparts/admin/controller/common/stats.php on line 37
2016-02-14 13:09:16 - PHP Warning:  in_array() expects parameter 2 to be array, null given in /var/www/s.speedyparts.hk/speedyparts/admin/controller/common/stats.php on line 37
2016-02-14 13:09:16 - PHP Warning:  array_merge(): Argument #1 is not an array in /var/www/s.speedyparts.hk/speedyparts/admin/controller/common/stats.php on line 37
2016-02-14 13:09:16 - PHP Warning:  in_array() expects parameter 2 to be array, null given in /var/www/s.speedyparts.hk/speedyparts/admin/controller/common/stats.php on line 37
2016-02-14 13:09:16 - PHP Warning:  array_merge(): Argument #1 is not an array in /var/www/s.speedyparts.hk/speedyparts/admin/controller/common/stats.php on line 37
2016-02-14 13:09:16 - PHP Warning:  in_array() expects parameter 2 to be array, null given in /var/www/s.speedyparts.hk/speedyparts/admin/controller/common/stats.php on line 37
2016-02-14 13:09:16 - PHP Warning:  array_merge(): Argument #1 is not an array in /var/www/s.speedyparts.hk/speedyparts/admin/controller/common/stats.php on line 37
2016-02-14 13:09:16 - PHP Warning:  in_array() expects parameter 2 to be array, null given in /var/www/s.speedyparts.hk/speedyparts/admin/controller/common/stats.php on line 37
2016-02-14 13:09:16 - PHP Warning:  array_merge(): Argument #1 is not an array in /var/www/s.speedyparts.hk/speedyparts/admin/controller/common/stats.php on line 37
2016-02-14 13:09:16 - PHP Warning:  in_array() expects parameter 2 to be array, null given in /var/www/s.speedyparts.hk/speedyparts/admin/controller/common/stats.php on line 37
2016-02-14 13:09:16 - PHP Warning:  array_merge(): Argument #1 is not an array in /var/www/s.speedyparts.hk/speedyparts/admin/controller/common/stats.php on line 37
2016-02-14 13:09:16 - PHP Warning:  in_array() expects parameter 2 to be array, null given in /var/www/s.speedyparts.hk/speedyparts/admin/controller/common/stats.php on line 37
2016-02-14 13:09:16 - PHP Warning:  array_merge(): Argument #1 is not an array in /var/www/s.speedyparts.hk/speedyparts/admin/controller/common/stats.php on line 37
2016-02-14 13:09:16 - PHP Warning:  in_array() expects parameter 2 to be array, null given in /var/www/s.speedyparts.hk/speedyparts/admin/controller/common/stats.php on line 37
2016-02-14 13:09:21 - PHP Warning:  implode(): Invalid arguments passed in /var/www/s.speedyparts.hk/speedyparts/admin/controller/common/header.php on line 58
2016-02-14 13:09:21 - PHP Warning:  implode(): Invalid arguments passed in /var/www/s.speedyparts.hk/speedyparts/admin/controller/common/header.php on line 59
2016-02-14 13:09:21 - PHP Warning:  implode(): Invalid arguments passed in /var/www/s.speedyparts.hk/speedyparts/admin/controller/common/header.php on line 62
2016-02-14 13:09:21 - PHP Warning:  implode(): Invalid arguments passed in /var/www/s.speedyparts.hk/speedyparts/admin/controller/common/header.php on line 63
2016-02-14 13:09:21 - PHP Warning:  implode(): Invalid arguments passed in /var/www/s.speedyparts.hk/speedyparts/admin/controller/common/stats.php on line 14
2016-02-14 13:09:21 - PHP Warning:  implode(): Invalid arguments passed in /var/www/s.speedyparts.hk/speedyparts/admin/controller/common/stats.php on line 22
2016-02-14 13:09:21 - PHP Warning:  array_merge(): Argument #1 is not an array in /var/www/s.speedyparts.hk/speedyparts/admin/controller/common/stats.php on line 37
2016-02-14 13:09:21 - PHP Warning:  in_array() expects parameter 2 to be array, null given in /var/www/s.speedyparts.hk/speedyparts/admin/controller/common/stats.php on line 37
2016-02-14 13:09:21 - PHP Warning:  array_merge(): Argument #1 is not an array in /var/www/s.speedyparts.hk/speedyparts/admin/controller/common/stats.php on line 37
2016-02-14 13:09:21 - PHP Warning:  in_array() expects parameter 2 to be array, null given in /var/www/s.speedyparts.hk/speedyparts/admin/controller/common/stats.php on line 37
2016-02-14 13:09:21 - PHP Warning:  array_merge(): Argument #1 is not an array in /var/www/s.speedyparts.hk/speedyparts/admin/controller/common/stats.php on line 37
2016-02-14 13:09:21 - PHP Warning:  in_array() expects parameter 2 to be array, null given in /var/www/s.speedyparts.hk/speedyparts/admin/controller/common/stats.php on line 37
2016-02-14 13:09:21 - PHP Warning:  array_merge(): Argument #1 is not an array in /var/www/s.speedyparts.hk/speedyparts/admin/controller/common/stats.php on line 37
2016-02-14 13:09:21 - PHP Warning:  in_array() expects parameter 2 to be array, null given in /var/www/s.speedyparts.hk/speedyparts/admin/controller/common/stats.php on line 37
2016-02-14 13:09:21 - PHP Warning:  array_merge(): Argument #1 is not an array in /var/www/s.speedyparts.hk/speedyparts/admin/controller/common/stats.php on line 37
2016-02-14 13:09:21 - PHP Warning:  in_array() expects parameter 2 to be array, null given in /var/www/s.speedyparts.hk/speedyparts/admin/controller/common/stats.php on line 37
2016-02-14 13:09:21 - PHP Warning:  array_merge(): Argument #1 is not an array in /var/www/s.speedyparts.hk/speedyparts/admin/controller/common/stats.php on line 37
2016-02-14 13:09:21 - PHP Warning:  in_array() expects parameter 2 to be array, null given in /var/www/s.speedyparts.hk/speedyparts/admin/controller/common/stats.php on line 37
2016-02-14 13:09:21 - PHP Warning:  array_merge(): Argument #1 is not an array in /var/www/s.speedyparts.hk/speedyparts/admin/controller/common/stats.php on line 37
2016-02-14 13:09:21 - PHP Warning:  in_array() expects parameter 2 to be array, null given in /var/www/s.speedyparts.hk/speedyparts/admin/controller/common/stats.php on line 37
2016-02-14 13:09:21 - PHP Warning:  array_merge(): Argument #1 is not an array in /var/www/s.speedyparts.hk/speedyparts/admin/controller/common/stats.php on line 37
2016-02-14 13:09:21 - PHP Warning:  in_array() expects parameter 2 to be array, null given in /var/www/s.speedyparts.hk/speedyparts/admin/controller/common/stats.php on line 37
2016-02-14 13:09:21 - PHP Warning:  array_merge(): Argument #1 is not an array in /var/www/s.speedyparts.hk/speedyparts/admin/controller/common/stats.php on line 37
2016-02-14 13:09:21 - PHP Warning:  in_array() expects parameter 2 to be array, null given in /var/www/s.speedyparts.hk/speedyparts/admin/controller/common/stats.php on line 37
2016-02-14 13:09:21 - PHP Warning:  array_merge(): Argument #1 is not an array in /var/www/s.speedyparts.hk/speedyparts/admin/controller/common/stats.php on line 37
2016-02-14 13:09:21 - PHP Warning:  in_array() expects parameter 2 to be array, null given in /var/www/s.speedyparts.hk/speedyparts/admin/controller/common/stats.php on line 37
2016-02-14 13:09:21 - PHP Warning:  array_merge(): Argument #1 is not an array in /var/www/s.speedyparts.hk/speedyparts/admin/controller/common/stats.php on line 37
2016-02-14 13:09:21 - PHP Warning:  in_array() expects parameter 2 to be array, null given in /var/www/s.speedyparts.hk/speedyparts/admin/controller/common/stats.php on line 37
2016-02-14 13:09:21 - PHP Warning:  array_merge(): Argument #1 is not an array in /var/www/s.speedyparts.hk/speedyparts/admin/controller/common/stats.php on line 37
2016-02-14 13:09:21 - PHP Warning:  in_array() expects parameter 2 to be array, null given in /var/www/s.speedyparts.hk/speedyparts/admin/controller/common/stats.php on line 37
2016-02-14 13:09:21 - PHP Warning:  array_merge(): Argument #1 is not an array in /var/www/s.speedyparts.hk/speedyparts/admin/controller/common/stats.php on line 37
2016-02-14 13:09:21 - PHP Warning:  in_array() expects parameter 2 to be array, null given in /var/www/s.speedyparts.hk/speedyparts/admin/controller/common/stats.php on line 37
2016-02-14 13:09:21 - PHP Warning:  array_merge(): Argument #1 is not an array in /var/www/s.speedyparts.hk/speedyparts/admin/controller/common/stats.php on line 37
2016-02-14 13:09:21 - PHP Warning:  in_array() expects parameter 2 to be array, null given in /var/www/s.speedyparts.hk/speedyparts/admin/controller/common/stats.php on line 37
